<?xml version="1.0" encoding="UTF-8"?>
<!-- Generated by org.testng.reporters.JUnitXMLReporter -->
<testsuite hostname="DESKTOP-50659SL" ignored="0" name="Default test" tests="6" failures="0" timestamp="05 May 2021 11:13:18 GMT" time="0.126" errors="0">
  <testcase name="DeleteUser" time="0.015" classname="testcases.Data_Provider"/>
  <testcase name="DeleteUser" time="0.016" classname="testcases.Data_Provider"/>
  <testcase name="DeleteUser" time="0.011" classname="testcases.Data_Provider"/>
  <testcase name="creatUser" time="0.0" classname="testcases.Data_Provider"/>
  <testcase name="creatUser" time="0.007" classname="testcases.Data_Provider"/>
  <testcase name="creatUser" time="0.0" classname="testcases.Data_Provider"/>
</testsuite> <!-- Default test -->
