<?xml version="1.0" encoding="UTF-8"?>
<testng-results skipped="0" failed="0" ignored="0" total="1" passed="1">
  <reporter-output>
  </reporter-output>
  <suite name="Default suite" duration-ms="65559" started-at="2021-02-24T07:35:37Z" finished-at="2021-02-24T07:36:43Z">
    <groups>
    </groups>
    <test name="Default test" duration-ms="65559" started-at="2021-02-24T07:35:37Z" finished-at="2021-02-24T07:36:43Z">
      <class name="Identify_elements.identify_css">
        <test-method status="PASS" signature="uni()[pri:0, instance:Identify_elements.identify_css@3e694b3f]" name="uni" duration-ms="65487" started-at="2021-02-24T07:35:37Z" finished-at="2021-02-24T07:36:43Z">
          <reporter-output>
          </reporter-output>
        </test-method> <!-- uni -->
      </class> <!-- Identify_elements.identify_css -->
    </test> <!-- Default test -->
  </suite> <!-- Default suite -->
</testng-results>
