<?xml version="1.0" encoding="UTF-8"?>
<!-- Generated by org.testng.reporters.JUnitXMLReporter -->
<testsuite hostname="DESKTOP-50659SL" ignored="0" name="Create booking Test-Apply discount-Instant Payment" tests="6" failures="0" timestamp="26 Mar 2021 15:18:13 GMT" time="0.016" errors="0">
  <testcase name="searchHotel" time="0.0" classname="testcases.booking_search"/>
  <testcase name="selectHotel" time="0.0" classname="testcases.booking_search"/>
  <testcase name="GuestInfo" time="0.0" classname="testcases.booking_search"/>
  <testcase name="apply_discount" time="0.0" classname="testcases.Payment_Info"/>
  <testcase name="makepayment" time="0.0" classname="testcases.Payment_Info"/>
  <testcase name="check_mail" time="0.0" classname="testcases.coustmer_comm"/>
</testsuite> <!-- Create booking Test-Apply discount-Instant Payment -->
