<?xml version="1.0" encoding="UTF-8"?>
<!-- Generated by org.testng.reporters.JUnitXMLReporter -->
<testsuite hostname="DESKTOP-50659SL" ignored="0" name="Test" tests="3" failures="0" timestamp="07 Feb 2021 08:09:33 GMT" time="4.999" errors="0">
  <testcase name="testA" time="0.0" classname="suitea.TestA">
    <skipped/>
  </testcase> <!-- testA -->
  <testcase name="testAA" time="2.011" classname="suitea.TestAA"/>
  <testcase name="testAA" time="2.015" classname="suitea.TestAA"/>
</testsuite> <!-- Test -->
