<?xml version="1.0" encoding="UTF-8"?>
<!-- Generated by org.testng.reporters.JUnitXMLReporter -->
<testsuite hostname="DESKTOP-50659SL" ignored="0" name="Test" tests="3" failures="0" timestamp="07 Feb 2021 08:09:37 GMT" time="4.141" errors="0">
  <testcase name="testB" time="2.025" classname="suiteb.TestB"/>
  <testcase name="testB" time="2.008" classname="suiteb.TestB"/>
  <testcase name="testBB" time="0.0" classname="suiteb.TestBB">
    <skipped/>
  </testcase> <!-- testBB -->
</testsuite> <!-- Test -->
