<?xml version="1.0" encoding="UTF-8"?>
<testng-results skipped="0" failed="0" ignored="1" total="2" passed="1">
  <reporter-output>
  </reporter-output>
  <suite name="Default suite" duration-ms="68" started-at="2021-04-17T14:20:52Z" finished-at="2021-04-17T14:20:52Z">
    <groups>
    </groups>
    <test name="Default test" duration-ms="68" started-at="2021-04-17T14:20:52Z" finished-at="2021-04-17T14:20:52Z">
      <class name="dependency">
        <test-method status="PASS" signature="testcase2()[pri:0, instance:dependency@ef9296d]" name="testcase2" duration-ms="27" started-at="2021-04-17T14:20:52Z" finished-at="2021-04-17T14:20:52Z">
          <reporter-output>
          </reporter-output>
        </test-method> <!-- testcase2 -->
      </class> <!-- dependency -->
    </test> <!-- Default test -->
  </suite> <!-- Default suite -->
</testng-results>
