<?xml version="1.0" encoding="UTF-8"?>
<testng-results skipped="0" failed="0" ignored="0" total="1" passed="1">
  <reporter-output>
  </reporter-output>
  <suite name="Default suite" duration-ms="66035" started-at="2021-03-06T18:50:01Z" finished-at="2021-03-06T18:51:07Z">
    <groups>
    </groups>
    <test name="Default test" duration-ms="66035" started-at="2021-03-06T18:50:01Z" finished-at="2021-03-06T18:51:07Z">
      <class name="pilot_project.basic_project">
        <test-method status="PASS" signature="init(org.testng.ITestResult)[pri:0, instance:pilot_project.basic_project@292b08d6]" name="init" is-config="true" duration-ms="3547" started-at="2021-03-06T18:50:01Z" finished-at="2021-03-06T18:50:04Z">
          <params>
            <param index="0">
              <value>
                <![CDATA[[TestResult name=appt status=SUCCESS method=basic_project.appt()[pri:0, instance:pilot_project.basic_project@292b08d6] output={null}]]]>
              </value>
            </param>
          </params>
          <reporter-output>
          </reporter-output>
        </test-method> <!-- init -->
        <test-method status="PASS" signature="appt()[pri:0, instance:pilot_project.basic_project@292b08d6]" name="appt" duration-ms="54969" started-at="2021-03-06T18:50:04Z" finished-at="2021-03-06T18:50:59Z">
          <reporter-output>
          </reporter-output>
        </test-method> <!-- appt -->
        <test-method status="PASS" signature="quit()[pri:0, instance:pilot_project.basic_project@292b08d6]" name="quit" is-config="true" duration-ms="7456" started-at="2021-03-06T18:50:59Z" finished-at="2021-03-06T18:51:07Z">
          <reporter-output>
          </reporter-output>
        </test-method> <!-- quit -->
      </class> <!-- pilot_project.basic_project -->
    </test> <!-- Default test -->
  </suite> <!-- Default suite -->
</testng-results>
