<?xml version="1.0" encoding="UTF-8"?>
<testng-results skipped="0" failed="0" ignored="0" total="1" passed="1">
  <reporter-output>
  </reporter-output>
  <suite name="Default suite" duration-ms="56670" started-at="2021-03-04T12:36:29Z" finished-at="2021-03-04T12:37:25Z">
    <groups>
    </groups>
    <test name="Default test" duration-ms="56670" started-at="2021-03-04T12:36:29Z" finished-at="2021-03-04T12:37:25Z">
      <class name="Radio_checkbox_screenshot.screenshot">
        <test-method status="PASS" signature="screenshot()[pri:0, instance:Radio_checkbox_screenshot.screenshot@30c15d8b]" name="screenshot" duration-ms="56639" started-at="2021-03-04T12:36:29Z" finished-at="2021-03-04T12:37:25Z">
          <reporter-output>
          </reporter-output>
        </test-method> <!-- screenshot -->
      </class> <!-- Radio_checkbox_screenshot.screenshot -->
    </test> <!-- Default test -->
  </suite> <!-- Default suite -->
</testng-results>
