<?xml version="1.0" encoding="UTF-8"?>
<!-- Generated by org.testng.reporters.JUnitXMLReporter -->
<testsuite hostname="DESKTOP-50659SL" ignored="0" name="Test A2" tests="2" failures="1" timestamp="19 Mar 2021 19:25:23 GMT" time="187.73" errors="0">
  <testcase name="openbrowser" time="0.0" classname="TestNG_parallel.BaseTest">
    <failure type="org.testng.TestNGException" message="
Cannot inject @Test annotated Method [openbrowser] with [class java.lang.String].
For more information on native dependency injection please refer to http://testng.org/doc/documentation-main.html#native-dependency-injection">
      <![CDATA[org.testng.TestNGException: 
Cannot inject @Test annotated Method [openbrowser] with [class java.lang.String].
For more information on native dependency injection please refer to http://testng.org/doc/documentation-main.html#native-dependency-injection
at java.util.concurrent.FutureTask.run(FutureTask.java:266)
at java.util.concurrent.ThreadPoolExecutor.runWorker(ThreadPoolExecutor.java:1149)
at java.util.concurrent.ThreadPoolExecutor$Worker.run(ThreadPoolExecutor.java:624)
at java.lang.Thread.run(Thread.java:748)
... Removed 15 stack frames]]>
    </failure>
  </testcase> <!-- openbrowser -->
  <testcase name="TestA2" time="110.885" classname="suiteA.TestA2"/>
</testsuite> <!-- Test A2 -->
