<?xml version="1.0" encoding="UTF-8"?>
<testng-results skipped="0" failed="0" ignored="0" total="1" passed="1">
  <reporter-output>
  </reporter-output>
  <suite name="Default suite" duration-ms="39468" started-at="2021-02-19T13:32:14Z" finished-at="2021-02-19T13:32:54Z">
    <groups>
    </groups>
    <test name="Default test" duration-ms="39468" started-at="2021-02-19T13:32:14Z" finished-at="2021-02-19T13:32:54Z">
      <class name="reusable_function.resuable_funtn">
        <test-method status="PASS" signature="reusable()[pri:0, instance:reusable_function.resuable_funtn@41d477ed]" name="reusable" duration-ms="39381" started-at="2021-02-19T13:32:14Z" finished-at="2021-02-19T13:32:54Z">
          <reporter-output>
          </reporter-output>
        </test-method> <!-- reusable -->
      </class> <!-- reusable_function.resuable_funtn -->
    </test> <!-- Default test -->
  </suite> <!-- Default suite -->
</testng-results>
