<?xml version="1.0" encoding="UTF-8"?>
<!-- Generated by org.testng.reporters.JUnitXMLReporter -->
<testsuite hostname="DESKTOP-50659SL" ignored="1" name="Test" tests="4" failures="0" timestamp="21 May 2021 02:37:22 GMT" time="0.09" errors="0">
  <testcase name="firstTest" time="0.013" classname="com.Interview_Practice.basic_testNG"/>
  <testcase name="secondTest" time="0.002" classname="com.Interview_Practice.basic_testNG"/>
  <testcase name="thirdTest" time="0.002" classname="com.Interview_Practice.basic_testNG"/>
  <testcase name="fifthTest" time="0.001" classname="com.Interview_Practice.basic_testNG"/>
  <testcase name="fourthTest" time="0.0" classname="com.Interview_Practice.basic_testNG">
    <ignored/>
  </testcase> <!-- fourthTest -->
</testsuite> <!-- Test -->
