<?xml version="1.0" encoding="UTF-8"?>
<!-- Generated by org.testng.reporters.JUnitXMLReporter -->
<testsuite hostname="DESKTOP-50659SL" ignored="0" name="Test" tests="6" failures="0" timestamp="26 Mar 2021 10:41:41 GMT" time="0.227" errors="0">
  <testcase name="apply_discount" time="0.041" classname="testcases.Payment_Info"/>
  <testcase name="makepayment" time="0.008" classname="testcases.Payment_Info"/>
  <testcase name="GuestInfo" time="0.0" classname="testcases.booking_search"/>
  <testcase name="bookingsearch" time="0.0" classname="testcases.booking_search"/>
  <testcase name="selectHotel" time="0.016" classname="testcases.booking_search"/>
  <testcase name="check_mail" time="0.008" classname="testcases.coustmer_comm"/>
</testsuite> <!-- Test -->
