<?xml version="1.0" encoding="UTF-8"?>
<testng-results skipped="0" failed="0" ignored="0" total="1" passed="1">
  <reporter-output>
  </reporter-output>
  <suite name="Default suite" duration-ms="1256" started-at="2021-08-07T11:52:56Z" finished-at="2021-08-07T11:52:57Z">
    <groups>
      <group name="cucumber">
        <method signature="AbstractTestNGCucumberTests.runScenario(io.cucumber.testng.PickleWrapper, io.cucumber.testng.FeatureWrapper)[pri:0, instance:Runner.MyRunner@eec5a4a]" name="runScenario" class="io.cucumber.testng.AbstractTestNGCucumberTests"/>
      </group> <!-- cucumber -->
    </groups>
    <test name="Default test" duration-ms="1256" started-at="2021-08-07T11:52:56Z" finished-at="2021-08-07T11:52:57Z">
      <class name="Runner.MyRunner">
        <test-method status="PASS" signature="setUpClass()[pri:0, instance:Runner.MyRunner@eec5a4a]" name="setUpClass" is-config="true" duration-ms="844" started-at="2021-08-07T11:52:56Z" finished-at="2021-08-07T11:52:56Z">
          <reporter-output>
          </reporter-output>
        </test-method> <!-- setUpClass -->
        <test-method status="PASS" signature="runScenario(io.cucumber.testng.PickleWrapper, io.cucumber.testng.FeatureWrapper)[pri:0, instance:Runner.MyRunner@eec5a4a]" name="runScenario" duration-ms="263" started-at="2021-08-07T11:52:56Z" description="Runs Cucumber Scenarios" data-provider="scenarios" finished-at="2021-08-07T11:52:57Z">
          <params>
            <param index="0">
              <value>
                <![CDATA["Buying a second hand car"]]>
              </value>
            </param>
            <param index="1">
              <value>
                <![CDATA["Optional[Buying a car]"]]>
              </value>
            </param>
          </params>
          <reporter-output>
          </reporter-output>
        </test-method> <!-- runScenario -->
        <test-method status="PASS" signature="tearDownClass()[pri:0, instance:Runner.MyRunner@eec5a4a]" name="tearDownClass" is-config="true" duration-ms="95" started-at="2021-08-07T11:52:57Z" finished-at="2021-08-07T11:52:57Z">
          <reporter-output>
          </reporter-output>
        </test-method> <!-- tearDownClass -->
      </class> <!-- Runner.MyRunner -->
    </test> <!-- Default test -->
  </suite> <!-- Default suite -->
</testng-results>
