<?xml version="1.0" encoding="UTF-8"?>
<testng-results skipped="0" failed="0" ignored="0" total="4" passed="4">
  <reporter-output>
  </reporter-output>
  <suite name="Suite" duration-ms="0" started-at="2021-01-27T16:53:11Z" finished-at="2021-01-27T16:53:11Z">
    <groups>
    </groups>
  </suite> <!-- Suite -->
  <suite name="Suite (0)" duration-ms="6019" started-at="2021-01-27T16:53:05Z" finished-at="2021-01-27T16:53:11Z">
    <groups>
    </groups>
    <test name="Test" duration-ms="6019" started-at="2021-01-27T16:53:05Z" finished-at="2021-01-27T16:53:11Z">
      <class name="suitb.TestB">
        <test-method status="PASS" signature="testB()[pri:0, instance:suitb.TestB@26be92ad]" name="testB" duration-ms="3003" started-at="2021-01-27T16:53:05Z" finished-at="2021-01-27T16:53:08Z">
          <reporter-output>
          </reporter-output>
        </test-method> <!-- testB -->
      </class> <!-- suitb.TestB -->
      <class name="suitb.TestBB">
        <test-method status="PASS" signature="testBB()[pri:0, instance:suitb.TestBB@4c70fda8]" name="testBB" duration-ms="3007" started-at="2021-01-27T16:53:08Z" finished-at="2021-01-27T16:53:11Z">
          <reporter-output>
          </reporter-output>
        </test-method> <!-- testBB -->
      </class> <!-- suitb.TestBB -->
    </test> <!-- Test -->
  </suite> <!-- Suite (0) -->
  <suite name="Suite A" duration-ms="6064" started-at="2021-01-27T16:52:59Z" finished-at="2021-01-27T16:53:05Z">
    <groups>
    </groups>
    <test name="Test A" duration-ms="6064" started-at="2021-01-27T16:52:59Z" finished-at="2021-01-27T16:53:05Z">
      <class name="Suita.TestAA">
        <test-method status="PASS" signature="testAA()[pri:0, instance:Suita.TestAA@51efea79]" name="testAA" duration-ms="3004" started-at="2021-01-27T16:53:02Z" finished-at="2021-01-27T16:53:05Z">
          <reporter-output>
          </reporter-output>
        </test-method> <!-- testAA -->
      </class> <!-- Suita.TestAA -->
      <class name="Suita.TestA">
        <test-method status="PASS" signature="testA()[pri:0, instance:Suita.TestA@6d00a15d]" name="testA" duration-ms="3011" started-at="2021-01-27T16:52:59Z" finished-at="2021-01-27T16:53:02Z">
          <reporter-output>
          </reporter-output>
        </test-method> <!-- testA -->
      </class> <!-- Suita.TestA -->
    </test> <!-- Test A -->
  </suite> <!-- Suite A -->
</testng-results>
