<?xml version="1.0" encoding="UTF-8"?>
<!-- Generated by org.testng.reporters.JUnitXMLReporter -->
<testsuite hostname="DESKTOP-50659SL" ignored="0" name="Test" tests="3" failures="0" timestamp="07 Feb 2021 08:17:07 GMT" time="5.091" errors="0">
  <testcase name="testBB" time="0.0" classname="suiteb.TestBB">
    <skipped/>
  </testcase> <!-- testBB -->
  <testcase name="testB" time="2.018" classname="suiteb.TestB"/>
  <testcase name="testB" time="2.023" classname="suiteb.TestB"/>
</testsuite> <!-- Test -->
