<?xml version="1.0" encoding="UTF-8"?>
<testng-results skipped="0" failed="0" ignored="0" total="1" passed="1">
  <reporter-output>
  </reporter-output>
  <suite name="Default suite" duration-ms="64331" started-at="2021-05-21T06:20:34Z" finished-at="2021-05-21T06:21:39Z">
    <groups>
    </groups>
    <test name="Default test" duration-ms="64331" started-at="2021-05-21T06:20:34Z" finished-at="2021-05-21T06:21:39Z">
      <class name="BaseTest.testbase">
        <test-method status="PASS" signature="webdriver()[pri:0, instance:BaseTest.testbase@1ce92674]" name="webdriver" duration-ms="64248" started-at="2021-05-21T06:20:34Z" finished-at="2021-05-21T06:21:39Z">
          <reporter-output>
          </reporter-output>
        </test-method> <!-- webdriver -->
      </class> <!-- BaseTest.testbase -->
    </test> <!-- Default test -->
  </suite> <!-- Default suite -->
</testng-results>
