<?xml version="1.0" encoding="UTF-8"?>
<!-- Generated by org.testng.reporters.JUnitXMLReporter -->
<testsuite hostname="DESKTOP-50659SL" ignored="0" name="Test B" tests="10" failures="0" timestamp="26 Jan 2021 15:42:54 GMT" time="0.131" errors="0">
  <testcase name="CreatUser" time="0.009" classname="suitB.Data_Provider_createuser"/>
  <testcase name="CreatUser" time="0.0" classname="suitB.Data_Provider_createuser"/>
  <testcase name="CreatUser" time="0.008" classname="suitB.Data_Provider_createuser"/>
  <testcase name="DeleteUser" time="0.0" classname="suitB.Data_Provider_createuser"/>
  <testcase name="DeleteUser" time="0.008" classname="suitB.Data_Provider_createuser"/>
  <testcase name="DeleteUser" time="0.0" classname="suitB.Data_Provider_createuser"/>
  <testcase name="again" time="0.006" classname="suitB.Advance_feture"/>
  <testcase name="again1" time="0.008" classname="suitB.Advance_feture"/>
  <testcase name="loggout" time="0.001" classname="suitB.Advance_feture"/>
  <testcase name="login" time="0.008" classname="suitB.Advance_feture"/>
</testsuite> <!-- Test B -->
