<?xml version="1.0" encoding="UTF-8"?>
<!-- Generated by org.testng.reporters.JUnitXMLReporter -->
<testsuite hostname="DESKTOP-50659SL" ignored="4" name="Delete Portfolio Test" tests="2" failures="0" timestamp="31 Mar 2021 12:02:14 GMT" time="0.043" errors="0">
  <testcase name="add_FreshStock" time="0.003" classname="testcase.radiff.Stock_mgmt"/>
  <testcase name="verify_stock" time="0.001" classname="testcase.radiff.Stock_mgmt"/>
  <testcase name="create_portfolio" time="0.0" classname="testcase.radiff.portfolio_mgmt">
    <ignored/>
  </testcase> <!-- create_portfolio -->
  <testcase name="@BeforeTest beforeTest" time="0.0" classname="Basetest.basetestcase">
    <ignored/>
  </testcase> <!-- @BeforeTest beforeTest -->
  <testcase name="dologin" time="0.0" classname="testcase.radiff.session">
    <ignored/>
  </testcase> <!-- dologin -->
  <testcase name="@AfterTest quit" time="0.0" classname="Basetest.basetestcase">
    <ignored/>
  </testcase> <!-- @AfterTest quit -->
</testsuite> <!-- Delete Portfolio Test -->
